  main.cpp
  HoldemCore.vcxproj -> C:\Users\kiseo\source\repos\K-Holdem\Debug\HoldemCore.exe

프로젝트 성능 요약:
     1424ms  C:\Users\kiseo\source\repos\K-Holdem\HoldemCore\HoldemCore.vcxproj   1회 호출
               1424ms  Build                                      1회 호출

대상 성능 요약:
        0ms  AfterResourceCompile                       1회 호출
        0ms  ComputeLinkSwitches                        1회 호출
        0ms  PreLinkEvent                               1회 호출
        0ms  MakeDirsForLink                            1회 호출
        0ms  PrepareResourceNames                       1회 호출
        0ms  CreateCustomManifestResourceNames          1회 호출
        0ms  AssignTargetPaths                          1회 호출
        0ms  ComputeManifestInputsTargets               1회 호출
        0ms  ComputeLinkInputsFromProject               1회 호출
        0ms  ComputeCLGeneratedLinkInputs               1회 호출
        0ms  ComputeCustomBuildOutput                   1회 호출
        0ms  ComputeManifestGeneratedLinkerInputs       1회 호출
        0ms  ComputeRCGeneratedLinkInputs               1회 호출
        0ms  ComputeRCOutputs                           1회 호출
        0ms  BeforeLink                                 1회 호출
        0ms  ComputeLegacyManifestEmbedding             1회 호출
        0ms  BuildLinkTraverse                          1회 호출
        0ms  BuildCompile                               1회 호출
        0ms  _BuildCompileAction                        1회 호출
        0ms  AfterBuildCompileEvent                     1회 호출
        0ms  _ResourceCompile                           1회 호출
        0ms  BeforeResourceCompile                      1회 호출
        0ms  ComputeLinkImportLibraryOutputsForClean    1회 호출
        0ms  _ClCompile                                 1회 호출
        0ms  AfterLink                                  1회 호출
        0ms  _ALink                                     1회 호출
        0ms  AfterBuild                                 1회 호출
        0ms  BuildLink                                  1회 호출
        0ms  _BuildLinkAction                           1회 호출
        0ms  PrepareForRun                              1회 호출
        0ms  CopyFilesToOutputDirectory                 1회 호출
        0ms  _CheckForCompileOutputs                    1회 호출
        0ms  _CopySourceItemsToOutputDirectory          1회 호출
        0ms  GetCopyToOutputDirectoryItems              1회 호출
        0ms  _Deploy                                    1회 호출
        0ms  _Appverifier                               1회 호출
        0ms  CreateSatelliteAssemblies                  1회 호출
        0ms  _GenerateSatelliteAssemblyInputs           1회 호출
        0ms  _BscMake                                   1회 호출
        0ms  MakeDirsForBscMake                         1회 호출
        0ms  ComputeCLCompileGeneratedSbrFiles          1회 호출
        0ms  _XdcMake                                   1회 호출
        0ms  MakeDirsForXdcMake                         1회 호출
        0ms  ComputeCLCompileGeneratedXDCFiles          1회 호출
        0ms  ResolvedXDCMake                            1회 호출
        0ms  RegisterOutput                             1회 호출
        0ms  _Manifest                                  1회 호출
        0ms  _Link                                      1회 호출
        0ms  AfterClCompile                             1회 호출
        0ms  Build                                      1회 호출
        0ms  VcpkgTripletSelection                      1회 호출
        0ms  BeforeBuildGenerateSources                 1회 호출
        0ms  ResolveReferences                          1회 호출
        0ms  AfterResolveReferences                     1회 호출
        0ms  ResolveAssemblyReferences                  1회 호출
        0ms  _HandlePackageFileConflicts                1회 호출
        0ms  ExpandSDKReferences                        1회 호출
        0ms  ResolveSDKReferences                       1회 호출
        0ms  _CheckWindowsSDKInstalled                  1회 호출
        0ms  PlatformPrepareForBuild                    1회 호출
        0ms  PreBuildEvent                              1회 호출
        0ms  GetResolvedWinMD                           1회 호출
        0ms  GetFrameworkPaths                          1회 호출
        0ms  PrepareProjectReferences                   1회 호출
        0ms  _GetProjectReferenceTargetFrameworkProperties   1회 호출
        0ms  _SplitProjectReferencesByFileExistence     1회 호출
        0ms  AssignProjectConfiguration                 1회 호출
        0ms  BeforeResolveReferences                    1회 호출
        0ms  _PrepareForReferenceResolution             1회 호출
        0ms  _PrepareForBuild                           1회 호출
        0ms  SetTelemetryEnvironmentVariables           1회 호출
        0ms  GetReferenceAssemblyPaths                  1회 호출
        0ms  _SelectedFiles                             1회 호출
        0ms  BuildGenerateSourcesTraverse               1회 호출
        0ms  _Xsd                                       1회 호출
        0ms  SelectClCompile                            1회 호출
        0ms  SelectCustomBuild                          1회 호출
        0ms  MakeDirsForCl                              1회 호출
        0ms  FixupCLCompileOptions                      1회 호출
        0ms  ComputeReferenceCLInput                    1회 호출
        0ms  ComputeCLInputPDBName                      1회 호출
        0ms  BeforeClCompile                            1회 호출
        0ms  BuildCompileTraverse                       1회 호출
        0ms  _BuildGenerateSourcesAction                1회 호출
        0ms  AfterBuildGenerateSourcesEvent             1회 호출
        0ms  AfterBuildGenerateSources                  1회 호출
        0ms  BuildGenerateSources                       1회 호출
        0ms  _Midl                                      1회 호출
        0ms  MakeDirsForMidl                            1회 호출
        0ms  AfterMidl                                  1회 호출
        0ms  ComputeMIDLGeneratedCompileInputs          1회 호출
        1ms  SetCABuildNativeEnvironmentVariables       1회 호출
        1ms  ResolveProjectReferences                   1회 호출
        1ms  SplitResourcesByCulture                    1회 호출
        1ms  GetCopyToOutputDirectoryXamlAppDefs        1회 호출
        1ms  FinalizeBuildStatus                        1회 호출
        1ms  WarnCompileDuplicatedFilename              1회 호출
        1ms  MakeDirsForResourceCompile                 1회 호출
        1ms  PostBuildEvent                             1회 호출
        1ms  ComputeCLOutputs                           1회 호출
        1ms  CopyFileToFolders                          1회 호출
        1ms  DoLinkOutputFilesMatch                     1회 호출
        1ms  PrepareForBuild                            1회 호출
        1ms  SetBuildDefaultEnvironmentVariables        1회 호출
        2ms  InitializeBuildStatus                      1회 호출
        2ms  _CheckForInvalidConfigurationAndPlatform   1회 호출
      365ms  Link                                       1회 호출
      493ms  AppLocalFromInstalled                      1회 호출
      546ms  ClCompile                                  1회 호출

작업 성능 요약:
        0ms  AssignProjectConfiguration                 1회 호출
        0ms  MSBuild                                    1회 호출
        0ms  ResolvePackageFileConflicts                1회 호출
        0ms  GetOutOfDateItems                          1회 호출
        0ms  AssignTargetPath                           6회 호출
        0ms  AssignCulture                              1회 호출
        0ms  Delete                                     1회 호출
        1ms  ReadLinesFromFile                          2회 호출
        1ms  MakeDir                                    9회 호출
        1ms  Message                                    5회 호출
        1ms  WriteLinesToFile                           2회 호출
        2ms  Touch                                      2회 호출
        2ms  SetEnv                                     8회 호출
      363ms  Link                                       1회 호출
      492ms  Exec                                       1회 호출
      545ms  CL                                         1회 호출
